d:\iot\nätverks programmering\projektet\networkprogramming_assignment\arduino_client_c++\socketclient\x64\debug\vc142.pdb
d:\iot\nätverks programmering\projektet\networkprogramming_assignment\arduino_client_c++\socketclient\x64\debug\vc142.idb
d:\iot\nätverks programmering\projektet\networkprogramming_assignment\arduino_client_c++\socketclient\x64\debug\main.obj
d:\jobb tester\volvo\new folder\arduino_client_c++\socketclient\x64\debug\vc142.pdb
d:\jobb tester\volvo\new folder\arduino_client_c++\socketclient\x64\debug\vc142.idb
d:\jobb tester\volvo\new folder\arduino_client_c++\socketclient\x64\debug\main.obj
d:\iot\nätverks programmering\projektet\networkprogramming_assignment\arduino_client_c++\socketclient\x64\debug\socketclient.exe
d:\iot\nätverks programmering\projektet\networkprogramming_assignment\arduino_client_c++\socketclient\x64\debug\socketclient.ilk
d:\iot\nätverks programmering\projektet\networkprogramming_assignment\arduino_client_c++\socketclient\x64\debug\socketclient.pdb
d:\jobb tester\volvo\new folder\arduino_client_c++\socketclient\x64\debug\socketclient.ilk
d:\jobb tester\volvo\new folder\arduino_client_c++\socketclient\x64\debug\socketclient.exe
d:\jobb tester\volvo\new folder\arduino_client_c++\socketclient\x64\debug\socketclient.pdb
d:\jobb tester\volvo\networkprogramming\arduino_client_c++\socketclient\x64\debug\main.obj
d:\jobb tester\volvo\networkprogramming\arduino_client_c++\socketclient\x64\debug\socketclient.ilk
d:\jobb tester\volvo\networkprogramming\arduino_client_c++\socketclient\x64\debug\vc142.idb
d:\jobb tester\volvo\networkprogramming\arduino_client_c++\socketclient\x64\debug\socketclient.pdb
d:\jobb tester\volvo\networkprogramming\arduino_client_c++\socketclient\x64\debug\vc142.pdb
d:\jobb tester\volvo\networkprogramming\arduino_client_c++\socketclient\x64\debug\socketclient.exe
d:\jobb tester\volvo\networkprogramming\arduino_client_c++\socketclient\x64\debug\socketclient.tlog\cl.command.1.tlog
d:\jobb tester\volvo\networkprogramming\arduino_client_c++\socketclient\x64\debug\socketclient.tlog\cl.read.1.tlog
d:\jobb tester\volvo\networkprogramming\arduino_client_c++\socketclient\x64\debug\socketclient.tlog\cl.write.1.tlog
d:\jobb tester\volvo\networkprogramming\arduino_client_c++\socketclient\x64\debug\socketclient.tlog\link.command.1.tlog
d:\jobb tester\volvo\networkprogramming\arduino_client_c++\socketclient\x64\debug\socketclient.tlog\link.read.1.tlog
d:\jobb tester\volvo\networkprogramming\arduino_client_c++\socketclient\x64\debug\socketclient.tlog\link.write.1.tlog
